
validate:pre:build:
     [echo] Checking for existence of GLOBUS_LOCATION envrironment variable.
     [echo] wscore.relative.dir = ws-core-4.0.3
     [echo] GLOBUS_LOCATION not set, downloading and installing http://gforge.nci.nih.gov/svnroot/commonlibrary/trunk/techstack-2006/os-independent/ws-core-enum-4.0.3.zip
     [echo] c:/apps/CommonPackage-webapp/ws-core-4.0.3 already exists.

clean:
   [delete] Deleting directory D:\SecurityManager_BDA\SecurityManager\Software\target\dist
   [delete] Deleting directory D:\SecurityManager_BDA\SecurityManager\Software\target\temp

init:
     [echo]  ______   ______   _______ 
     [echo] (____  \ (______) (_______)
     [echo]  ____)  ) _     _  _______ 
     [echo] |  __  ( | |   | ||  ___  |
     [echo] | |__)  )| |__/ / | |   | |
     [echo] |______/ |_____/  |_|   |_|
    [mkdir] Created dir: D:\SecurityManager_BDA\SecurityManager\Software\target\dist
    [mkdir] Created dir: D:\SecurityManager_BDA\SecurityManager\Software\target\dist\exploded
    [mkdir] Created dir: D:\SecurityManager_BDA\SecurityManager\Software\target\dist\exploded\SecurityManager-api
    [mkdir] Created dir: D:\SecurityManager_BDA\SecurityManager\Software\target\dist\exploded\SecurityManager-webapp
    [mkdir] Created dir: D:\SecurityManager_BDA\SecurityManager\Software\target\dist\exploded\common
    [mkdir] Created dir: D:\SecurityManager_BDA\SecurityManager\Software\target\dist\exploded\tools
    [mkdir] Created dir: D:\SecurityManager_BDA\SecurityManager\Software\target\temp

build:SecurityManager-api:

build:SecurityManager-webapp:
  [taskdef] Could not load definitions from resource tasks.properties. It could not be found.

init:
   [delete] Deleting directory D:\SecurityManager_BDA\SecurityManager\Software\SecurityManager\build\classes
    [mkdir] Created dir: D:\SecurityManager_BDA\SecurityManager\Software\SecurityManager\build\classes
   [delete] Deleting directory D:\SecurityManager_BDA\SecurityManager\Software\SecurityManager\junit
    [mkdir] Created dir: D:\SecurityManager_BDA\SecurityManager\Software\SecurityManager\junit
    [mkdir] Created dir: D:\SecurityManager_BDA\SecurityManager\Software\SecurityManager\junit\classes

compile:
    [javac] Compiling 25 source files to D:\SecurityManager_BDA\SecurityManager\Software\SecurityManager\build\classes
    [javac] Note: Some input files use or override a deprecated API.
    [javac] Note: Recompile with -Xlint:deprecation for details.
    [javac] Note: Some input files use unchecked or unsafe operations.
    [javac] Note: Recompile with -Xlint:unchecked for details.

build_jar:
[build_jar] Building jar: D:\SecurityManager_BDA\SecurityManager\Software\SecurityManager\build\securityManager-1.1.2.jar
  [taskdef] Could not load definitions from resource tasks.properties. It could not be found.

init:
   [delete] Deleting directory D:\SecurityManager_BDA\SecurityManager\Software\SecurityManager\build\classes
    [mkdir] Created dir: D:\SecurityManager_BDA\SecurityManager\Software\SecurityManager\build\classes
   [delete] Deleting directory D:\SecurityManager_BDA\SecurityManager\Software\SecurityManager\junit
    [mkdir] Created dir: D:\SecurityManager_BDA\SecurityManager\Software\SecurityManager\junit
    [mkdir] Created dir: D:\SecurityManager_BDA\SecurityManager\Software\SecurityManager\junit\classes

compile:
    [javac] Compiling 25 source files to D:\SecurityManager_BDA\SecurityManager\Software\SecurityManager\build\classes
    [javac] Note: Some input files use or override a deprecated API.
    [javac] Note: Recompile with -Xlint:deprecation for details.
    [javac] Note: Some input files use unchecked or unsafe operations.
    [javac] Note: Recompile with -Xlint:unchecked for details.

build_code_zip:

dist:

build:all:

BUILD SUCCESSFUL
